This file contains any messages produced by compilers while
running configure, to aid debugging if configure makes a mistake.

It was created by MenuMaker configure 0.99.12, which was
generated by GNU Autoconf 2.69.  Invocation command line was

  $ ./configure 

## --------- ##
## Platform. ##
## --------- ##

hostname = trude-test-vm
uname -m = x86_64
uname -r = 5.8.0-63-generic
uname -s = Linux
uname -v = #71~20.04.1-Ubuntu SMP Thu Jul 15 17:46:08 UTC 2021

/usr/bin/uname -p = x86_64
/bin/uname -X     = unknown

/bin/arch              = x86_64
/usr/bin/arch -k       = unknown
/usr/convex/getsysinfo = unknown
/usr/bin/hostinfo      = unknown
/bin/machine           = unknown
/usr/bin/oslevel       = unknown
/bin/universe          = unknown

PATH: /usr/local/sbin
PATH: /usr/local/bin
PATH: /usr/sbin
PATH: /usr/bin
PATH: /sbin
PATH: /bin
PATH: /usr/games
PATH: /usr/local/games
PATH: /snap/bin


## ----------- ##
## Core tests. ##
## ----------- ##

configure:1886: checking for a BSD-compatible install
configure:1954: result: /usr/bin/install -c
configure:1965: checking whether build environment is sane
configure:2020: result: yes
configure:2169: checking for a thread-safe mkdir -p
configure:2208: result: /usr/bin/mkdir -p
configure:2215: checking for gawk
configure:2245: result: no
configure:2215: checking for mawk
configure:2231: found /usr/bin/mawk
configure:2242: result: mawk
configure:2253: checking whether make sets $(MAKE)
configure:2275: result: yes
configure:2304: checking whether make supports nested variables
configure:2321: result: yes
configure:2464: checking whether make supports the include directive
configure:2479: make -f confmf.GNU && cat confinc.out
this is the am__doit target
configure:2482: $? = 0
configure:2501: result: yes (GNU style)
configure:2571: checking for gcc
configure:2587: found /usr/bin/gcc
configure:2598: result: gcc
configure:2827: checking for C compiler version
configure:2836: gcc --version >&5
gcc (Ubuntu 9.3.0-17ubuntu1~20.04) 9.3.0
Copyright (C) 2019 Free Software Foundation, Inc.
This is free software; see the source for copying conditions.  There is NO
warranty; not even for MERCHANTABILITY or FITNESS FOR A PARTICULAR PURPOSE.

configure:2847: $? = 0
configure:2836: gcc -v >&5
Using built-in specs.
COLLECT_GCC=gcc
COLLECT_LTO_WRAPPER=/usr/lib/gcc/x86_64-linux-gnu/9/lto-wrapper
OFFLOAD_TARGET_NAMES=nvptx-none:hsa
OFFLOAD_TARGET_DEFAULT=1
Target: x86_64-linux-gnu
Configured with: ../src/configure -v --with-pkgversion='Ubuntu 9.3.0-17ubuntu1~20.04' --with-bugurl=file:///usr/share/doc/gcc-9/README.Bugs --enable-languages=c,ada,c++,go,brig,d,fortran,objc,obj-c++,gm2 --prefix=/usr --with-gcc-major-version-only --program-suffix=-9 --program-prefix=x86_64-linux-gnu- --enable-shared --enable-linker-build-id --libexecdir=/usr/lib --without-included-gettext --enable-threads=posix --libdir=/usr/lib --enable-nls --enable-clocale=gnu --enable-libstdcxx-debug --enable-libstdcxx-time=yes --with-default-libstdcxx-abi=new --enable-gnu-unique-object --disable-vtable-verify --enable-plugin --enable-default-pie --with-system-zlib --with-target-system-zlib=auto --enable-objc-gc=auto --enable-multiarch --disable-werror --with-arch-32=i686 --with-abi=m64 --with-multilib-list=m32,m64,mx32 --enable-multilib --with-tune=generic --enable-offload-targets=nvptx-none=/build/gcc-9-HskZEa/gcc-9-9.3.0/debian/tmp-nvptx/usr,hsa --without-cuda-driver --enable-checking=release --build=x86_64-linux-gnu --host=x86_64-linux-gnu --target=x86_64-linux-gnu
Thread model: posix
gcc version 9.3.0 (Ubuntu 9.3.0-17ubuntu1~20.04) 
configure:2847: $? = 0
configure:2836: gcc -V >&5
gcc: error: unrecognized command line option '-V'
gcc: fatal error: no input files
compilation terminated.
configure:2847: $? = 1
configure:2836: gcc -qversion >&5
gcc: error: unrecognized command line option '-qversion'; did you mean '--version'?
gcc: fatal error: no input files
compilation terminated.
configure:2847: $? = 1
configure:2867: checking whether the C compiler works
configure:2889: gcc    conftest.c  >&5
configure:2893: $? = 0
configure:2941: result: yes
configure:2944: checking for C compiler default output file name
configure:2946: result: a.out
configure:2952: checking for suffix of executables
configure:2959: gcc -o conftest    conftest.c  >&5
configure:2963: $? = 0
configure:2985: result: 
configure:3007: checking whether we are cross compiling
configure:3015: gcc -o conftest    conftest.c  >&5
configure:3019: $? = 0
configure:3026: ./conftest
configure:3030: $? = 0
configure:3018: result: no
configure:3023: checking for suffix of object files
configure:3045: gcc -c   conftest.c >&5
configure:3049: $? = 0
configure:3070: result: o
configure:3074: checking whether we are using the GNU C compiler
configure:3093: gcc -c   conftest.c >&5
configure:3093: $? = 0
configure:3102: result: yes
configure:3111: checking whether gcc accepts -g
configure:3131: gcc -c -g  conftest.c >&5
configure:3131: $? = 0
configure:3172: result: yes
configure:3189: checking for gcc option to accept ISO C89
configure:3252: gcc  -c -g -O2  conftest.c >&5
configure:3252: $? = 0
configure:3265: result: none needed
configure:3290: checking whether gcc understands -c and -o together
configure:3312: gcc -c conftest.c -o conftest2.o
configure:3315: $? = 0
configure:3312: gcc -c conftest.c -o conftest2.o
configure:3315: $? = 0
configure:3327: result: yes
configure:3346: checking dependency style of gcc
configure:3457: result: none
configure:3473: checking for python build information
configure:3475: result: 
configure:3482: checking for python3
configure:3498: found /usr/bin/python3
configure:3509: result: python3
configure:3523: checking for main in -lpython3
configure:3542: gcc -o conftest -g -O2   conftest.c -lpython3   >&5
/usr/bin/ld: cannot find -lpython3
collect2: error: ld returned 1 exit status
configure:3542: $? = 1
configure: failed program was:
| /* confdefs.h */
| #define PACKAGE_NAME "MenuMaker"
| #define PACKAGE_TARNAME "menumaker"
| #define PACKAGE_VERSION "0.99.12"
| #define PACKAGE_STRING "MenuMaker 0.99.12"
| #define PACKAGE_BUGREPORT ""
| #define PACKAGE_URL ""
| #define PACKAGE "menumaker"
| #define VERSION "0.99.12"
| /* end confdefs.h.  */
| 
| 
| int
| main ()
| {
| return main ();
|   ;
|   return 0;
| }
configure:3552: result: no
configure:3562: checking for main in -lpython3m
configure:3581: gcc -o conftest -g -O2   conftest.c -lpython3m   >&5
/usr/bin/ld: cannot find -lpython3m
collect2: error: ld returned 1 exit status
configure:3581: $? = 1
configure: failed program was:
| /* confdefs.h */
| #define PACKAGE_NAME "MenuMaker"
| #define PACKAGE_TARNAME "menumaker"
| #define PACKAGE_VERSION "0.99.12"
| #define PACKAGE_STRING "MenuMaker 0.99.12"
| #define PACKAGE_BUGREPORT ""
| #define PACKAGE_URL ""
| #define PACKAGE "menumaker"
| #define VERSION "0.99.12"
| /* end confdefs.h.  */
| 
| 
| int
| main ()
| {
| return main ();
|   ;
|   return 0;
| }
configure:3591: result: no
configure:3482: checking for python3.8
configure:3509: result: python3
configure:3523: checking for main in -lpython3
configure:3552: result: no
configure:3562: checking for main in -lpython3m
configure:3591: result: no
configure:3482: checking for python3.7
configure:3509: result: python3
configure:3523: checking for main in -lpython3
configure:3552: result: no
configure:3562: checking for main in -lpython3m
configure:3591: result: no
configure:3482: checking for python3.6
configure:3509: result: python3
configure:3523: checking for main in -lpython3
configure:3552: result: no
configure:3562: checking for main in -lpython3m
configure:3591: result: no
configure:3482: checking for python3.5
configure:3509: result: python3
configure:3523: checking for main in -lpython3
configure:3552: result: no
configure:3562: checking for main in -lpython3m
configure:3591: result: no
configure:3482: checking for python3.4
configure:3509: result: python3
configure:3523: checking for main in -lpython3
configure:3552: result: no
configure:3562: checking for main in -lpython3m
configure:3591: result: no
configure:3482: checking for python3.3
configure:3509: result: python3
configure:3523: checking for main in -lpython3
configure:3552: result: no
configure:3562: checking for main in -lpython3m
configure:3591: result: no
configure:3482: checking for python3.2
configure:3509: result: python3
configure:3523: checking for main in -lpython3
configure:3552: result: no
configure:3562: checking for main in -lpython3m
configure:3591: result: no
configure:3482: checking for python3.1
configure:3509: result: python3
configure:3523: checking for main in -lpython3
configure:3552: result: no
configure:3562: checking for main in -lpython3m
configure:3591: result: no
configure:3482: checking for python3.0
configure:3509: result: python3
configure:3523: checking for main in -lpython3
configure:3552: result: no
configure:3562: checking for main in -lpython3m
configure:3591: result: no
configure:3482: checking for python
configure:3509: result: python3
configure:3523: checking for main in -lpython3
configure:3552: result: no
configure:3562: checking for main in -lpython3m
configure:3591: result: no
configure:3482: checking for python2
configure:3509: result: python3
configure:3523: checking for main in -lpython3
configure:3552: result: no
configure:3562: checking for main in -lpython3m
configure:3591: result: no
configure:3482: checking for python2.7
configure:3509: result: python3
configure:3523: checking for main in -lpython3
configure:3552: result: no
configure:3562: checking for main in -lpython3m
configure:3591: result: no
configure:3618: result:   results of the Python check:
configure:3620: result:     Binary:      python3
configure:3622: result:     Library:     no
configure:3624: result:     Include Dir: no
configure:3781: checking that generated files are newer than configure
configure:3787: result: done
configure:3810: creating ./config.status

## ---------------------- ##
## Running config.status. ##
## ---------------------- ##

This file was extended by MenuMaker config.status 0.99.12, which was
generated by GNU Autoconf 2.69.  Invocation command line was

  CONFIG_FILES    = 
  CONFIG_HEADERS  = 
  CONFIG_LINKS    = 
  CONFIG_COMMANDS = 
  $ ./config.status 

on trude-test-vm

config.status:774: creating Makefile
config.status:774: creating doc/Makefile
config.status:774: creating Config.py
config.status:946: executing depfiles commands

## ---------------- ##
## Cache variables. ##
## ---------------- ##

ac_cv_c_compiler_gnu=yes
ac_cv_env_CC_set=
ac_cv_env_CC_value=
ac_cv_env_CFLAGS_set=
ac_cv_env_CFLAGS_value=
ac_cv_env_CPPFLAGS_set=
ac_cv_env_CPPFLAGS_value=
ac_cv_env_LDFLAGS_set=
ac_cv_env_LDFLAGS_value=
ac_cv_env_LIBS_set=
ac_cv_env_LIBS_value=
ac_cv_env_build_alias_set=
ac_cv_env_build_alias_value=
ac_cv_env_host_alias_set=
ac_cv_env_host_alias_value=
ac_cv_env_target_alias_set=
ac_cv_env_target_alias_value=
ac_cv_lib_python3___main=no
ac_cv_lib_python3m___main=no
ac_cv_objext=o
ac_cv_path_install='/usr/bin/install -c'
ac_cv_path_mkdir=/usr/bin/mkdir
ac_cv_prog_AWK=mawk
ac_cv_prog_PYTHON_BIN=python3
ac_cv_prog_ac_ct_CC=gcc
ac_cv_prog_cc_c89=
ac_cv_prog_cc_g=yes
ac_cv_prog_make_make_set=yes
am_cv_CC_dependencies_compiler_type=none
am_cv_make_support_nested_variables=yes
am_cv_prog_cc_c_o=yes

## ----------------- ##
## Output variables. ##
## ----------------- ##

ACLOCAL='${SHELL} /home/trude/TrudeOS/menumaker/missing aclocal-1.16'
AMDEPBACKSLASH='\'
AMDEP_FALSE='#'
AMDEP_TRUE=''
AMTAR='$${TAR-tar}'
AM_BACKSLASH='\'
AM_DEFAULT_V='$(AM_DEFAULT_VERBOSITY)'
AM_DEFAULT_VERBOSITY='1'
AM_V='$(V)'
AUTOCONF='${SHELL} /home/trude/TrudeOS/menumaker/missing autoconf'
AUTOHEADER='${SHELL} /home/trude/TrudeOS/menumaker/missing autoheader'
AUTOMAKE='${SHELL} /home/trude/TrudeOS/menumaker/missing automake-1.16'
AWK='mawk'
CC='gcc'
CCDEPMODE='depmode=none'
CFLAGS='-g -O2'
CPPFLAGS=''
CYGPATH_W='echo'
DEFS='-DPACKAGE_NAME=\"MenuMaker\" -DPACKAGE_TARNAME=\"menumaker\" -DPACKAGE_VERSION=\"0.99.12\" -DPACKAGE_STRING=\"MenuMaker\ 0.99.12\" -DPACKAGE_BUGREPORT=\"\" -DPACKAGE_URL=\"\" -DPACKAGE=\"menumaker\" -DVERSION=\"0.99.12\"'
DEPDIR='.deps'
ECHO_C=''
ECHO_N='-n'
ECHO_T=''
EXEEXT=''
INSTALL_DATA='${INSTALL} -m 644'
INSTALL_PROGRAM='${INSTALL}'
INSTALL_SCRIPT='${INSTALL}'
INSTALL_STRIP_PROGRAM='$(install_sh) -c -s'
LDFLAGS=''
LIBOBJS=''
LIBS=''
LTLIBOBJS=''
MAKEINFO='${SHELL} /home/trude/TrudeOS/menumaker/missing makeinfo'
MKDIR_P='/usr/bin/mkdir -p'
OBJEXT='o'
PACKAGE='menumaker'
PACKAGE_BUGREPORT=''
PACKAGE_NAME='MenuMaker'
PACKAGE_STRING='MenuMaker 0.99.12'
PACKAGE_TARNAME='menumaker'
PACKAGE_URL=''
PACKAGE_VERSION='0.99.12'
PATH_SEPARATOR=':'
PYTHON_BIN='python3'
PYTHON_INCLUDE_DIR=''
PYTHON_LIB=''
SET_MAKE=''
SHELL='/bin/bash'
STRIP=''
VERSION='0.99.12'
ac_ct_CC='gcc'
am__EXEEXT_FALSE=''
am__EXEEXT_TRUE='#'
am__fastdepCC_FALSE=''
am__fastdepCC_TRUE='#'
am__include='include'
am__isrc=''
am__leading_dot='.'
am__nodep='_no'
am__quote=''
am__tar='$${TAR-tar} chof - "$$tardir"'
am__untar='$${TAR-tar} xf -'
bindir='${exec_prefix}/bin'
build_alias=''
datadir='${datarootdir}'
datarootdir='${prefix}/share'
docdir='${datarootdir}/doc/${PACKAGE_TARNAME}'
dvidir='${docdir}'
exec_prefix='${prefix}'
host_alias=''
htmldir='${docdir}'
includedir='${prefix}/include'
infodir='${datarootdir}/info'
install_sh='${SHELL} /home/trude/TrudeOS/menumaker/install-sh'
libdir='${exec_prefix}/lib'
libexecdir='${exec_prefix}/libexec'
localedir='${datarootdir}/locale'
localstatedir='${prefix}/var'
mandir='${datarootdir}/man'
mkdir_p='$(MKDIR_P)'
oldincludedir='/usr/include'
pdfdir='${docdir}'
prefix='/usr/local'
program_transform_name='s,x,x,'
psdir='${docdir}'
runstatedir='${localstatedir}/run'
sbindir='${exec_prefix}/sbin'
sharedstatedir='${prefix}/com'
sysconfdir='${prefix}/etc'
target_alias=''

## ----------- ##
## confdefs.h. ##
## ----------- ##

/* confdefs.h */
#define PACKAGE_NAME "MenuMaker"
#define PACKAGE_TARNAME "menumaker"
#define PACKAGE_VERSION "0.99.12"
#define PACKAGE_STRING "MenuMaker 0.99.12"
#define PACKAGE_BUGREPORT ""
#define PACKAGE_URL ""
#define PACKAGE "menumaker"
#define VERSION "0.99.12"

configure: exit 0
